{"failedCount":1,"prefixedPath":"src\/test\/java\/examples\/users\/users.feature","packageQualifiedName":"src.test.java.examples.users.users","loopIndex":-1,"relativePath":"src\/test\/java\/examples\/users\/users.feature","scenarioResults":[{"sectionIndex":0,"stepResults":[{"result":{"nanos":1855800,"startTime":1723119251187,"endTime":1723119251189,"millis":1.8558,"status":"passed"},"step":{"background":true,"line":5,"prefix":"*","index":0,"text":"url 'https:\/\/jsonplaceholder.typicode.com'"},"stepLog":"17:44:11.155 karate.env system property was: null \n"},{"result":{"nanos":642900,"startTime":1723119251191,"endTime":1723119251192,"millis":0.6429,"status":"passed"},"step":{"line":8,"prefix":"Given","index":0,"text":"path 'users'"}},{"result":{"nanos":488732100,"errorMessage":"http call failed after 483 milliseconds for url: https:\/\/jsonplaceholder.typicode.com\/users\njavax.net.ssl.SSLHandshakeException: PKIX path building failed: sun.security.provider.certpath.SunCertPathBuilderException: unable to find valid certification path to requested target\nsrc\/test\/java\/examples\/users\/users.feature:9","startTime":1723119251192,"endTime":1723119251681,"millis":488.7321,"status":"failed"},"step":{"line":9,"prefix":"When","index":1,"text":"method get"},"stepLog":"17:44:11.444 request:\n1 > GET https:\/\/jsonplaceholder.typicode.com\/users\n1 > Host: jsonplaceholder.typicode.com\n1 > Connection: Keep-Alive\n1 > User-Agent: Apache-HttpClient\/4.5.14 (Java\/21.0.3)\n1 > Accept-Encoding: gzip,deflate\n\n\n17:44:11.681 javax.net.ssl.SSLHandshakeException: PKIX path building failed: sun.security.provider.certpath.SunCertPathBuilderException: unable to find valid certification path to requested target, http call failed after 483 milliseconds for url: https:\/\/jsonplaceholder.typicode.com\/users\n17:44:11.685 src\/test\/java\/examples\/users\/users.feature:9\nWhen method get\nhttp call failed after 483 milliseconds for url: https:\/\/jsonplaceholder.typicode.com\/users\njavax.net.ssl.SSLHandshakeException: PKIX path building failed: sun.security.provider.certpath.SunCertPathBuilderException: unable to find valid certification path to requested target\nsrc\/test\/java\/examples\/users\/users.feature:9\n"},{"result":{"nanos":0,"startTime":1723119251685,"endTime":1723119251685,"millis":0.0,"status":"skipped"},"step":{"line":10,"prefix":"Then","index":2,"text":"status 200"}},{"result":{"nanos":0,"startTime":1723119251685,"endTime":1723119251685,"millis":0.0,"status":"skipped"},"step":{"line":12,"prefix":"*","index":3,"text":"def first = response[0]"}},{"result":{"nanos":0,"startTime":1723119251685,"endTime":1723119251685,"millis":0.0,"status":"skipped"},"step":{"line":14,"prefix":"Given","index":4,"text":"path 'users', first.id"}},{"result":{"nanos":0,"startTime":1723119251685,"endTime":1723119251685,"millis":0.0,"status":"skipped"},"step":{"line":15,"prefix":"When","index":5,"text":"method get"}},{"result":{"nanos":0,"startTime":1723119251685,"endTime":1723119251685,"millis":0.0,"status":"skipped"},"step":{"line":16,"prefix":"Then","index":6,"text":"status 200"}}],"line":7,"description":"","durationMillis":491.2308,"failed":true,"error":"http call failed after 483 milliseconds for url: https:\/\/jsonplaceholder.typicode.com\/users\njavax.net.ssl.SSLHandshakeException: PKIX path building failed: sun.security.provider.certpath.SunCertPathBuilderException: unable to find valid certification path to requested target\nsrc\/test\/java\/examples\/users\/users.feature:9","executorName":"pool-2-thread-1","name":"get all users and then get the first user by id","startTime":1723119250982,"refId":"[1:7]","endTime":1723119251685,"exampleIndex":-1}],"callDepth":0,"name":"sample karate test script","description":"for help, see: https:\/\/github.com\/karatelabs\/karate\/wiki\/IDE-Support","resultDate":"2024-08-08 05:44:11 PM","durationMillis":491.2308,"passedCount":0}